<?xml version="1.0" encoding="UTF-8"?>
<!-- Generated by org.testng.reporters.JUnitXMLReporter -->
<testsuite ignored="145" hostname="PF3APXKH" failures="0" tests="0" name="Test" time="2.903" errors="0" timestamp="2024-04-12T15:04:28 IST">
  <testcase classname="Resources.Base2" name="@BeforeSuite browserstart" time="0.0">
    <ignored/>
  </testcase> <!-- @BeforeSuite browserstart -->
  <testcase classname="Resources.Base2" name="@BeforeSuite browserstart" time="0.0">
    <ignored/>
  </testcase> <!-- @BeforeSuite browserstart -->
  <testcase classname="Resources.Base2" name="@BeforeSuite browserstart" time="0.0">
    <ignored/>
  </testcase> <!-- @BeforeSuite browserstart -->
  <testcase classname="Resources.Base2" name="@BeforeSuite browserstart" time="0.0">
    <ignored/>
  </testcase> <!-- @BeforeSuite browserstart -->
  <testcase classname="Resources.Base2" name="@BeforeSuite browserstart" time="0.0">
    <ignored/>
  </testcase> <!-- @BeforeSuite browserstart -->
  <testcase classname="Resources.Base2" name="@BeforeSuite browserstart" time="0.0">
    <ignored/>
  </testcase> <!-- @BeforeSuite browserstart -->
  <testcase classname="Resources.Base2" name="@BeforeSuite browserstart" time="0.0">
    <ignored/>
  </testcase> <!-- @BeforeSuite browserstart -->
  <testcase classname="Resources.Base2" name="@BeforeSuite browserstart" time="0.0">
    <ignored/>
  </testcase> <!-- @BeforeSuite browserstart -->
  <testcase classname="Resources.Base2" name="@BeforeSuite browserstart" time="0.0">
    <ignored/>
  </testcase> <!-- @BeforeSuite browserstart -->
  <testcase classname="Resources.Base2" name="@BeforeSuite browserstart" time="0.0">
    <ignored/>
  </testcase> <!-- @BeforeSuite browserstart -->
  <testcase classname="Resources.Base2" name="@BeforeSuite browserstart" time="0.0">
    <ignored/>
  </testcase> <!-- @BeforeSuite browserstart -->
  <testcase classname="Resources.Base2" name="@BeforeSuite browserstart" time="0.0">
    <ignored/>
  </testcase> <!-- @BeforeSuite browserstart -->
  <testcase classname="Resources.Base2" name="@BeforeSuite browserstart" time="0.0">
    <ignored/>
  </testcase> <!-- @BeforeSuite browserstart -->
  <testcase classname="Resources.Base2" name="@BeforeSuite browserstart" time="0.0">
    <ignored/>
  </testcase> <!-- @BeforeSuite browserstart -->
  <testcase classname="Resources.Base2" name="@BeforeSuite browserstart" time="0.0">
    <ignored/>
  </testcase> <!-- @BeforeSuite browserstart -->
  <testcase classname="Resources.Base2" name="@BeforeSuite browserstart" time="0.0">
    <ignored/>
  </testcase> <!-- @BeforeSuite browserstart -->
  <testcase classname="Resources.Base2" name="@BeforeSuite browserstart" time="0.0">
    <ignored/>
  </testcase> <!-- @BeforeSuite browserstart -->
  <testcase classname="Resources.Base2" name="@BeforeSuite browserstart" time="0.0">
    <ignored/>
  </testcase> <!-- @BeforeSuite browserstart -->
  <testcase classname="Resources.Base2" name="@BeforeSuite browserstart" time="0.0">
    <ignored/>
  </testcase> <!-- @BeforeSuite browserstart -->
  <testcase classname="Resources.Base2" name="@BeforeSuite browserstart" time="0.0">
    <ignored/>
  </testcase> <!-- @BeforeSuite browserstart -->
  <testcase classname="Resources.Base2" name="@BeforeSuite browserstart" time="0.0">
    <ignored/>
  </testcase> <!-- @BeforeSuite browserstart -->
  <testcase classname="Resources.Base2" name="@BeforeSuite browserstart" time="0.0">
    <ignored/>
  </testcase> <!-- @BeforeSuite browserstart -->
  <testcase classname="Resources.Base2" name="@BeforeSuite browserstart" time="0.0">
    <ignored/>
  </testcase> <!-- @BeforeSuite browserstart -->
  <testcase classname="Resources.Base2" name="@BeforeSuite browserstart" time="0.0">
    <ignored/>
  </testcase> <!-- @BeforeSuite browserstart -->
  <testcase classname="Resources.Base2" name="@BeforeSuite browserstart" time="0.0">
    <ignored/>
  </testcase> <!-- @BeforeSuite browserstart -->
  <testcase classname="Resources.Base2" name="@BeforeSuite browserstart" time="0.0">
    <ignored/>
  </testcase> <!-- @BeforeSuite browserstart -->
  <testcase classname="Resources.Base2" name="@BeforeSuite browserstart" time="0.0">
    <ignored/>
  </testcase> <!-- @BeforeSuite browserstart -->
  <testcase classname="Resources.Base2" name="@BeforeSuite browserstart" time="0.0">
    <ignored/>
  </testcase> <!-- @BeforeSuite browserstart -->
  <testcase classname="Resources.Base2" name="@BeforeSuite browserstart" time="0.0">
    <ignored/>
  </testcase> <!-- @BeforeSuite browserstart -->
  <testcase classname="Resources.Base2" name="@BeforeSuite browserstart" time="0.0">
    <ignored/>
  </testcase> <!-- @BeforeSuite browserstart -->
  <testcase classname="Resources.Base2" name="@BeforeSuite browserstart" time="0.0">
    <ignored/>
  </testcase> <!-- @BeforeSuite browserstart -->
  <testcase classname="Resources.Base2" name="@BeforeSuite browserstart" time="0.0">
    <ignored/>
  </testcase> <!-- @BeforeSuite browserstart -->
  <testcase classname="Resources.Base2" name="@BeforeSuite browserstart" time="0.0">
    <ignored/>
  </testcase> <!-- @BeforeSuite browserstart -->
  <testcase classname="Resources.Base2" name="@BeforeSuite browserstart" time="0.0">
    <ignored/>
  </testcase> <!-- @BeforeSuite browserstart -->
  <testcase classname="Resources.Base2" name="@BeforeSuite browserstart" time="0.0">
    <ignored/>
  </testcase> <!-- @BeforeSuite browserstart -->
  <testcase classname="Resources.Base2" name="@BeforeSuite browserstart" time="0.0">
    <ignored/>
  </testcase> <!-- @BeforeSuite browserstart -->
  <testcase classname="Resources.Base2" name="@BeforeSuite browserstart" time="0.0">
    <ignored/>
  </testcase> <!-- @BeforeSuite browserstart -->
  <testcase classname="Resources.Base2" name="@BeforeSuite browserstart" time="0.0">
    <ignored/>
  </testcase> <!-- @BeforeSuite browserstart -->
  <testcase classname="Resources.Base2" name="@BeforeSuite browserstart" time="0.0">
    <ignored/>
  </testcase> <!-- @BeforeSuite browserstart -->
  <testcase classname="Resources.Base2" name="@BeforeSuite browserstart" time="0.0">
    <ignored/>
  </testcase> <!-- @BeforeSuite browserstart -->
  <testcase classname="Resources.Base2" name="@BeforeSuite browserstart" time="0.0">
    <ignored/>
  </testcase> <!-- @BeforeSuite browserstart -->
  <testcase classname="Resources.Base2" name="@BeforeSuite browserstart" time="0.0">
    <ignored/>
  </testcase> <!-- @BeforeSuite browserstart -->
  <testcase classname="Resources.Base2" name="@BeforeSuite browserstart" time="0.0">
    <ignored/>
  </testcase> <!-- @BeforeSuite browserstart -->
  <testcase classname="Resources.Base2" name="@BeforeSuite browserstart" time="0.0">
    <ignored/>
  </testcase> <!-- @BeforeSuite browserstart -->
  <testcase classname="Resources.Base2" name="@BeforeSuite browserstart" time="0.0">
    <ignored/>
  </testcase> <!-- @BeforeSuite browserstart -->
  <testcase classname="Resources.Base2" name="@BeforeSuite browserstart" time="0.0">
    <ignored/>
  </testcase> <!-- @BeforeSuite browserstart -->
  <testcase classname="Resources.Base2" name="@BeforeSuite browserstart" time="0.0">
    <ignored/>
  </testcase> <!-- @BeforeSuite browserstart -->
  <testcase classname="Resources.Base2" name="@BeforeSuite browserstart" time="0.0">
    <ignored/>
  </testcase> <!-- @BeforeSuite browserstart -->
  <testcase classname="Resources.Base2" name="@BeforeSuite browserstart" time="0.0">
    <ignored/>
  </testcase> <!-- @BeforeSuite browserstart -->
  <testcase classname="Resources.Base2" name="@BeforeSuite browserstart" time="0.0">
    <ignored/>
  </testcase> <!-- @BeforeSuite browserstart -->
  <testcase classname="Resources.Base2" name="@BeforeSuite browserstart" time="0.0">
    <ignored/>
  </testcase> <!-- @BeforeSuite browserstart -->
  <testcase classname="Resources.Base2" name="@BeforeSuite browserstart" time="0.0">
    <ignored/>
  </testcase> <!-- @BeforeSuite browserstart -->
  <testcase classname="Resources.Base2" name="@BeforeSuite browserstart" time="0.0">
    <ignored/>
  </testcase> <!-- @BeforeSuite browserstart -->
  <testcase classname="Resources.Base2" name="@BeforeSuite browserstart" time="0.0">
    <ignored/>
  </testcase> <!-- @BeforeSuite browserstart -->
  <testcase classname="Resources.Base2" name="@BeforeSuite browserstart" time="0.0">
    <ignored/>
  </testcase> <!-- @BeforeSuite browserstart -->
  <testcase classname="Resources.Base2" name="@BeforeSuite browserstart" time="0.0">
    <ignored/>
  </testcase> <!-- @BeforeSuite browserstart -->
  <testcase classname="Resources.Base2" name="@BeforeSuite browserstart" time="0.0">
    <ignored/>
  </testcase> <!-- @BeforeSuite browserstart -->
  <testcase classname="Resources.Base2" name="@BeforeSuite browserstart" time="0.0">
    <ignored/>
  </testcase> <!-- @BeforeSuite browserstart -->
  <testcase classname="Resources.Base2" name="@BeforeSuite browserstart" time="0.0">
    <ignored/>
  </testcase> <!-- @BeforeSuite browserstart -->
  <testcase classname="Resources.Base2" name="@BeforeSuite browserstart" time="0.0">
    <ignored/>
  </testcase> <!-- @BeforeSuite browserstart -->
  <testcase classname="Resources.Base2" name="@BeforeSuite browserstart" time="0.0">
    <ignored/>
  </testcase> <!-- @BeforeSuite browserstart -->
  <testcase classname="Resources.Base2" name="@BeforeSuite browserstart" time="0.0">
    <ignored/>
  </testcase> <!-- @BeforeSuite browserstart -->
  <testcase classname="Resources.Base2" name="@BeforeSuite browserstart" time="0.0">
    <ignored/>
  </testcase> <!-- @BeforeSuite browserstart -->
  <testcase classname="Resources.Base2" name="@BeforeSuite browserstart" time="0.0">
    <ignored/>
  </testcase> <!-- @BeforeSuite browserstart -->
  <testcase classname="Resources.Base2" name="@BeforeSuite browserstart" time="0.0">
    <ignored/>
  </testcase> <!-- @BeforeSuite browserstart -->
  <testcase classname="Resources.Base2" name="@BeforeSuite browserstart" time="0.0">
    <ignored/>
  </testcase> <!-- @BeforeSuite browserstart -->
  <testcase classname="Resources.Base2" name="@BeforeSuite browserstart" time="0.0">
    <ignored/>
  </testcase> <!-- @BeforeSuite browserstart -->
  <testcase classname="Resources.Base2" name="@BeforeSuite browserstart" time="0.0">
    <ignored/>
  </testcase> <!-- @BeforeSuite browserstart -->
  <testcase classname="Resources.Base2" name="@BeforeSuite browserstart" time="0.0">
    <ignored/>
  </testcase> <!-- @BeforeSuite browserstart -->
  <testcase classname="Resources.Base2" name="@BeforeSuite browserstart" time="0.0">
    <ignored/>
  </testcase> <!-- @BeforeSuite browserstart -->
  <testcase classname="Resources.Base2" name="@BeforeSuite browserstart" time="0.0">
    <ignored/>
  </testcase> <!-- @BeforeSuite browserstart -->
  <testcase classname="Resources.Base2" name="@BeforeSuite browserstart" time="0.0">
    <ignored/>
  </testcase> <!-- @BeforeSuite browserstart -->
  <testcase classname="Resources.Base2" name="@BeforeSuite browserstart" time="0.0">
    <ignored/>
  </testcase> <!-- @BeforeSuite browserstart -->
  <testcase classname="Resources.Base2" name="@BeforeSuite browserstart" time="0.0">
    <ignored/>
  </testcase> <!-- @BeforeSuite browserstart -->
  <testcase classname="Resources.Base2" name="@BeforeSuite browserstart" time="0.0">
    <ignored/>
  </testcase> <!-- @BeforeSuite browserstart -->
  <testcase classname="Resources.Base2" name="@BeforeSuite browserstart" time="0.0">
    <ignored/>
  </testcase> <!-- @BeforeSuite browserstart -->
  <testcase classname="Resources.Base2" name="@BeforeSuite browserstart" time="0.0">
    <ignored/>
  </testcase> <!-- @BeforeSuite browserstart -->
  <testcase classname="Resources.Base2" name="@BeforeSuite browserstart" time="0.0">
    <ignored/>
  </testcase> <!-- @BeforeSuite browserstart -->
  <testcase classname="Resources.Base2" name="@BeforeSuite browserstart" time="0.0">
    <ignored/>
  </testcase> <!-- @BeforeSuite browserstart -->
  <testcase classname="Resources.Base2" name="@BeforeSuite browserstart" time="0.0">
    <ignored/>
  </testcase> <!-- @BeforeSuite browserstart -->
  <testcase classname="Resources.Base2" name="@BeforeSuite browserstart" time="0.0">
    <ignored/>
  </testcase> <!-- @BeforeSuite browserstart -->
  <testcase classname="Resources.Base2" name="@BeforeSuite browserstart" time="0.0">
    <ignored/>
  </testcase> <!-- @BeforeSuite browserstart -->
  <testcase classname="Resources.Base2" name="@BeforeSuite browserstart" time="0.0">
    <ignored/>
  </testcase> <!-- @BeforeSuite browserstart -->
  <testcase classname="Resources.Base2" name="@BeforeSuite browserstart" time="0.0">
    <ignored/>
  </testcase> <!-- @BeforeSuite browserstart -->
  <testcase classname="Resources.Base2" name="@BeforeSuite browserstart" time="0.0">
    <ignored/>
  </testcase> <!-- @BeforeSuite browserstart -->
  <testcase classname="Resources.Base2" name="@BeforeSuite browserstart" time="0.0">
    <ignored/>
  </testcase> <!-- @BeforeSuite browserstart -->
  <testcase classname="Resources.Base2" name="@BeforeSuite browserstart" time="0.0">
    <ignored/>
  </testcase> <!-- @BeforeSuite browserstart -->
  <testcase classname="Resources.Base2" name="@BeforeSuite browserstart" time="0.0">
    <ignored/>
  </testcase> <!-- @BeforeSuite browserstart -->
  <testcase classname="Resources.Base2" name="@BeforeSuite browserstart" time="0.0">
    <ignored/>
  </testcase> <!-- @BeforeSuite browserstart -->
  <testcase classname="Resources.Base2" name="@BeforeSuite browserstart" time="0.0">
    <ignored/>
  </testcase> <!-- @BeforeSuite browserstart -->
  <testcase classname="Resources.Base2" name="@BeforeSuite browserstart" time="0.0">
    <ignored/>
  </testcase> <!-- @BeforeSuite browserstart -->
  <testcase classname="Resources.Base2" name="@BeforeSuite browserstart" time="0.0">
    <ignored/>
  </testcase> <!-- @BeforeSuite browserstart -->
  <testcase classname="Resources.Base2" name="@BeforeSuite browserstart" time="0.0">
    <ignored/>
  </testcase> <!-- @BeforeSuite browserstart -->
  <testcase classname="Resources.Base2" name="@BeforeSuite browserstart" time="0.0">
    <ignored/>
  </testcase> <!-- @BeforeSuite browserstart -->
  <testcase classname="Resources.Base2" name="@BeforeSuite browserstart" time="0.0">
    <ignored/>
  </testcase> <!-- @BeforeSuite browserstart -->
  <testcase classname="Resources.Base2" name="@BeforeSuite browserstart" time="0.0">
    <ignored/>
  </testcase> <!-- @BeforeSuite browserstart -->
  <testcase classname="Resources.Base2" name="@BeforeSuite browserstart" time="0.0">
    <ignored/>
  </testcase> <!-- @BeforeSuite browserstart -->
  <testcase classname="Resources.Base2" name="@BeforeSuite browserstart" time="0.0">
    <ignored/>
  </testcase> <!-- @BeforeSuite browserstart -->
  <testcase classname="Resources.Base2" name="@BeforeSuite browserstart" time="0.0">
    <ignored/>
  </testcase> <!-- @BeforeSuite browserstart -->
  <testcase classname="Resources.Base2" name="@BeforeSuite browserstart" time="0.0">
    <ignored/>
  </testcase> <!-- @BeforeSuite browserstart -->
  <testcase classname="Resources.Base2" name="@BeforeSuite browserstart" time="0.0">
    <ignored/>
  </testcase> <!-- @BeforeSuite browserstart -->
  <testcase classname="Resources.Base2" name="@BeforeSuite browserstart" time="0.0">
    <ignored/>
  </testcase> <!-- @BeforeSuite browserstart -->
  <testcase classname="Resources.Base2" name="@BeforeSuite browserstart" time="0.0">
    <ignored/>
  </testcase> <!-- @BeforeSuite browserstart -->
  <testcase classname="Resources.Base2" name="@BeforeSuite browserstart" time="0.0">
    <ignored/>
  </testcase> <!-- @BeforeSuite browserstart -->
  <testcase classname="Resources.Base2" name="@BeforeSuite browserstart" time="0.0">
    <ignored/>
  </testcase> <!-- @BeforeSuite browserstart -->
  <testcase classname="Resources.Base2" name="@BeforeSuite browserstart" time="0.0">
    <ignored/>
  </testcase> <!-- @BeforeSuite browserstart -->
  <testcase classname="Resources.Base2" name="@BeforeSuite browserstart" time="0.0">
    <ignored/>
  </testcase> <!-- @BeforeSuite browserstart -->
  <testcase classname="Resources.Base2" name="@BeforeSuite browserstart" time="0.0">
    <ignored/>
  </testcase> <!-- @BeforeSuite browserstart -->
  <testcase classname="Resources.Base2" name="@BeforeSuite browserstart" time="0.0">
    <ignored/>
  </testcase> <!-- @BeforeSuite browserstart -->
  <testcase classname="Resources.Base2" name="@BeforeSuite browserstart" time="0.0">
    <ignored/>
  </testcase> <!-- @BeforeSuite browserstart -->
  <testcase classname="Resources.Base2" name="@BeforeSuite browserstart" time="0.0">
    <ignored/>
  </testcase> <!-- @BeforeSuite browserstart -->
  <testcase classname="Resources.Base2" name="@BeforeSuite browserstart" time="0.0">
    <ignored/>
  </testcase> <!-- @BeforeSuite browserstart -->
  <testcase classname="Resources.Base2" name="@BeforeSuite browserstart" time="0.0">
    <ignored/>
  </testcase> <!-- @BeforeSuite browserstart -->
  <testcase classname="Resources.Base2" name="@BeforeSuite browserstart" time="0.0">
    <ignored/>
  </testcase> <!-- @BeforeSuite browserstart -->
  <testcase classname="Resources.Base2" name="@BeforeSuite browserstart" time="0.0">
    <ignored/>
  </testcase> <!-- @BeforeSuite browserstart -->
  <testcase classname="Resources.Base2" name="@BeforeSuite browserstart" time="0.0">
    <ignored/>
  </testcase> <!-- @BeforeSuite browserstart -->
  <testcase classname="Resources.Base2" name="@BeforeSuite browserstart" time="0.0">
    <ignored/>
  </testcase> <!-- @BeforeSuite browserstart -->
  <testcase classname="Resources.Base2" name="@BeforeSuite browserstart" time="0.0">
    <ignored/>
  </testcase> <!-- @BeforeSuite browserstart -->
  <testcase classname="Resources.Base2" name="@BeforeSuite browserstart" time="0.0">
    <ignored/>
  </testcase> <!-- @BeforeSuite browserstart -->
  <testcase classname="Resources.Base2" name="@BeforeSuite browserstart" time="0.0">
    <ignored/>
  </testcase> <!-- @BeforeSuite browserstart -->
  <testcase classname="Resources.Base2" name="@BeforeSuite browserstart" time="0.0">
    <ignored/>
  </testcase> <!-- @BeforeSuite browserstart -->
  <testcase classname="Resources.Base2" name="@BeforeSuite browserstart" time="0.0">
    <ignored/>
  </testcase> <!-- @BeforeSuite browserstart -->
  <testcase classname="Resources.Base2" name="@BeforeSuite browserstart" time="0.0">
    <ignored/>
  </testcase> <!-- @BeforeSuite browserstart -->
  <testcase classname="Resources.Base2" name="@BeforeSuite browserstart" time="0.0">
    <ignored/>
  </testcase> <!-- @BeforeSuite browserstart -->
  <testcase classname="Resources.Base2" name="@BeforeSuite browserstart" time="0.0">
    <ignored/>
  </testcase> <!-- @BeforeSuite browserstart -->
  <testcase classname="Resources.Base2" name="@BeforeSuite browserstart" time="0.0">
    <ignored/>
  </testcase> <!-- @BeforeSuite browserstart -->
  <testcase classname="Resources.Base2" name="@BeforeSuite browserstart" time="0.0">
    <ignored/>
  </testcase> <!-- @BeforeSuite browserstart -->
  <testcase classname="Resources.Base2" name="@BeforeSuite browserstart" time="0.0">
    <ignored/>
  </testcase> <!-- @BeforeSuite browserstart -->
  <testcase classname="Resources.Base2" name="@BeforeSuite browserstart" time="0.0">
    <ignored/>
  </testcase> <!-- @BeforeSuite browserstart -->
  <testcase classname="Resources.Base2" name="@BeforeSuite browserstart" time="0.0">
    <ignored/>
  </testcase> <!-- @BeforeSuite browserstart -->
  <testcase classname="Resources.Base2" name="@BeforeSuite browserstart" time="0.0">
    <ignored/>
  </testcase> <!-- @BeforeSuite browserstart -->
  <testcase classname="Resources.Base2" name="@BeforeSuite browserstart" time="0.0">
    <ignored/>
  </testcase> <!-- @BeforeSuite browserstart -->
  <testcase classname="Resources.Base2" name="@BeforeSuite browserstart" time="0.0">
    <ignored/>
  </testcase> <!-- @BeforeSuite browserstart -->
  <testcase classname="Resources.Base2" name="@BeforeSuite browserstart" time="0.0">
    <ignored/>
  </testcase> <!-- @BeforeSuite browserstart -->
  <testcase classname="Resources.Base2" name="@BeforeSuite browserstart" time="0.0">
    <ignored/>
  </testcase> <!-- @BeforeSuite browserstart -->
  <testcase classname="Resources.Base2" name="@BeforeSuite browserstart" time="0.0">
    <ignored/>
  </testcase> <!-- @BeforeSuite browserstart -->
  <testcase classname="Resources.Base2" name="@BeforeSuite browserstart" time="0.0">
    <ignored/>
  </testcase> <!-- @BeforeSuite browserstart -->
  <testcase classname="Resources.Base2" name="@BeforeSuite browserstart" time="0.0">
    <ignored/>
  </testcase> <!-- @BeforeSuite browserstart -->
  <testcase classname="Resources.Base2" name="@BeforeSuite browserstart" time="0.0">
    <ignored/>
  </testcase> <!-- @BeforeSuite browserstart -->
  <testcase classname="Resources.Base2" name="@BeforeSuite browserstart" time="0.0">
    <ignored/>
  </testcase> <!-- @BeforeSuite browserstart -->
  <testcase classname="Resources.Base2" name="@BeforeSuite browserstart" time="0.0">
    <ignored/>
  </testcase> <!-- @BeforeSuite browserstart -->
  <testcase classname="Resources.Base2" name="@BeforeSuite browserstart" time="0.0">
    <ignored/>
  </testcase> <!-- @BeforeSuite browserstart -->
  <testcase classname="Resources.Base2" name="@BeforeSuite browserstart" time="0.0">
    <ignored/>
  </testcase> <!-- @BeforeSuite browserstart -->
  <testcase classname="Resources.Base2" name="@BeforeSuite browserstart" time="0.0">
    <ignored/>
  </testcase> <!-- @BeforeSuite browserstart -->
  <testcase classname="Resources.Base2" name="@BeforeSuite browserstart" time="0.0">
    <ignored/>
  </testcase> <!-- @BeforeSuite browserstart -->
</testsuite> <!-- Test -->
